{"meta": {"format": 2, "version": "7.4.3", "timestamp": "2024-04-08T20:22:23.637870", "branch_coverage": false, "show_contexts": false}, "files": {"dateroll/__init__.py": {"executed_lines": [2, 3, 4, 5, 6, 7, 8, 10, 11, 12, 14, 15, 16], "summary": {"covered_lines": 13, "num_statements": 13, "percent_covered": 100.0, "percent_covered_display": "100", "missing_lines": 0, "excluded_lines": 0}, "missing_lines": [], "excluded_lines": []}, "dateroll/__main__.py": {"executed_lines": [], "summary": {"covered_lines": 0, "num_statements": 0, "percent_covered": 100.0, "percent_covered_display": "100", "missing_lines": 0, "excluded_lines": 0}, "missing_lines": [], "excluded_lines": []}, "dateroll/calendars/__init__.py": {"executed_lines": [0], "summary": {"covered_lines": 0, "num_statements": 0, "percent_covered": 100.0, "percent_covered_display": "100", "missing_lines": 0, "excluded_lines": 0}, "missing_lines": [], "excluded_lines": []}, "dateroll/calendars/__main__.py": {"executed_lines": [], "summary": {"covered_lines": 0, "num_statements": 0, "percent_covered": 100.0, "percent_covered_display": "100", "missing_lines": 0, "excluded_lines": 0}, "missing_lines": [], "excluded_lines": []}, "dateroll/calendars/calendarmath.py": {"executed_lines": [1, 2, 3, 4, 5, 7, 8, 10, 11, 12, 13, 14, 16, 17, 20, 21, 40, 41, 42, 43, 44, 45, 47, 48, 49, 50, 52, 56, 57, 58, 59, 60, 61, 62, 64, 65, 66, 68, 70, 74, 80, 81, 83, 87, 89, 91, 92, 93, 94, 97, 99, 100, 101, 102, 103, 105, 106, 107, 109, 110, 116, 117, 119, 120, 121, 122, 124, 125, 127, 128, 129, 130, 132, 133, 139, 140, 142, 143, 152, 153, 155, 156, 157, 158, 159, 161, 162, 163, 165, 167, 168, 169, 170, 171, 172, 175, 176, 177, 178, 179, 181, 183, 191, 192, 193, 194, 195, 196, 198, 199, 201, 202, 204, 205, 207, 208, 210, 211, 212, 213, 215, 216, 217, 219, 221, 225, 226, 228, 229, 231, 233, 235, 237, 238, 240, 241, 242, 244, 245, 247, 252, 253, 255, 256, 258, 259, 260, 261, 262, 264, 265, 266, 268, 269, 271, 273, 277, 278, 280, 284, 285, 287, 288, 298, 299, 303, 304, 305, 307, 309, 311, 317, 319, 321, 323, 325, 329, 330, 331, 333, 335, 338, 341, 342, 346, 348, 349, 351, 355, 358, 360], "summary": {"covered_lines": 189, "num_statements": 189, "percent_covered": 100.0, "percent_covered_display": "100", "missing_lines": 0, "excluded_lines": 2}, "missing_lines": [], "excluded_lines": [360, 361]}, "dateroll/calendars/calendars.py": {"executed_lines": [1, 2, 3, 4, 5, 6, 7, 9, 10, 11, 12, 13, 15, 16, 17, 18, 19, 20, 21, 23, 26, 29, 30, 31, 32, 33, 35, 38, 39, 43, 46, 47, 48, 49, 50, 51, 52, 53, 54, 55, 56, 57, 59, 60, 61, 64, 65, 67, 68, 70, 72, 73, 75, 76, 77, 78, 79, 80, 82, 83, 84, 86, 87, 89, 91, 92, 94, 95, 96, 97, 99, 101, 103, 104, 106, 107, 108, 109, 112, 113, 114, 115, 116, 119, 120, 121, 123, 124, 125, 126, 127, 129, 130, 132, 133, 134, 135, 136, 137, 139, 140, 141, 142, 143, 145, 146, 147, 149, 151, 152, 154, 155, 157, 158, 161, 164, 165, 169, 170, 171, 172, 173, 175, 179, 180, 182, 183, 187, 188, 189, 190, 191, 192, 196, 198, 201, 202, 205, 206, 207, 208, 209, 210, 212, 213, 215, 216, 218, 219, 221, 223, 224, 226, 230, 231, 233, 234, 235, 236, 238, 239, 240, 242, 244, 245, 246, 248, 249, 250, 251, 253, 259, 261, 262, 264, 266, 268, 269, 271, 272, 274, 276, 277, 278, 279, 280, 282, 283, 284, 285, 286, 287, 288, 289, 290, 291, 292, 293, 295, 297, 298, 299, 300, 301, 303, 304, 313, 315, 316, 317, 318, 320, 321, 323, 324, 325, 327, 328, 330, 331, 332, 335], "summary": {"covered_lines": 220, "num_statements": 220, "percent_covered": 100.0, "percent_covered_display": "100", "missing_lines": 0, "excluded_lines": 2}, "missing_lines": [], "excluded_lines": [335, 337]}, "dateroll/date/__init__.py": {"executed_lines": [0], "summary": {"covered_lines": 0, "num_statements": 0, "percent_covered": 100.0, "percent_covered_display": "100", "missing_lines": 0, "excluded_lines": 0}, "missing_lines": [], "excluded_lines": []}, "dateroll/date/__main__.py": {"executed_lines": [], "summary": {"covered_lines": 0, "num_statements": 0, "percent_covered": 100.0, "percent_covered_display": "100", "missing_lines": 0, "excluded_lines": 0}, "missing_lines": [], "excluded_lines": []}, "dateroll/date/date.py": {"executed_lines": [1, 3, 5, 6, 7, 8, 9, 10, 11, 12, 15, 16, 20, 21, 23, 24, 28, 29, 31, 32, 36, 37, 38, 39, 40, 42, 46, 47, 48, 49, 50, 51, 53, 54, 58, 59, 60, 61, 62, 63, 65, 67, 68, 69, 70, 71, 72, 74, 75, 79, 80, 81, 83, 87, 88, 89, 91, 92, 93, 95, 96, 97, 99, 103, 105, 106, 110, 119, 120, 122, 123, 127, 129, 130, 131, 132, 133, 134, 136, 137, 138, 140, 141, 142, 144, 149, 150, 153, 155, 157, 160, 161, 164, 165, 166, 167, 168, 170, 174, 175, 177, 182, 183, 186, 189, 190, 191, 193, 195, 196, 198, 199, 203, 206, 207, 208, 211, 212, 213, 214, 215, 217, 221, 222, 223, 225, 229, 230, 232, 233, 234, 236, 237, 239, 240, 241, 243, 244, 246, 247, 248, 249, 252, 254, 257, 259, 260, 262, 266, 267, 269, 270, 274, 275, 276, 278, 279, 280, 282, 283, 284, 286, 287, 288, 291], "summary": {"covered_lines": 164, "num_statements": 164, "percent_covered": 100.0, "percent_covered_display": "100", "missing_lines": 0, "excluded_lines": 0}, "missing_lines": [], "excluded_lines": []}, "dateroll/ddh/__init__.py": {"executed_lines": [0], "summary": {"covered_lines": 0, "num_statements": 0, "percent_covered": 100.0, "percent_covered_display": "100", "missing_lines": 0, "excluded_lines": 0}, "missing_lines": [], "excluded_lines": []}, "dateroll/ddh/__main__.py": {"executed_lines": [], "summary": {"covered_lines": 0, "num_statements": 0, "percent_covered": 100.0, "percent_covered_display": "100", "missing_lines": 0, "excluded_lines": 0}, "missing_lines": [], "excluded_lines": []}, "dateroll/ddh/ddh.py": {"executed_lines": [1, 2, 5, 6, 7, 8, 9, 10, 12, 24, 27, 28, 29, 30, 31, 32, 33, 35, 36, 37, 38, 39, 40, 41, 43, 45, 47, 48, 52, 53, 55, 56, 57, 58, 59, 60, 61, 63, 66, 67, 69, 70, 72, 73, 75, 78, 79, 81, 82, 84, 85, 87, 90, 91, 93, 94, 96, 97, 100], "summary": {"covered_lines": 58, "num_statements": 58, "percent_covered": 100.0, "percent_covered_display": "100", "missing_lines": 0, "excluded_lines": 3}, "missing_lines": [], "excluded_lines": [100, 102, 104]}, "dateroll/duration/__init__.py": {"executed_lines": [0], "summary": {"covered_lines": 0, "num_statements": 0, "percent_covered": 100.0, "percent_covered_display": "100", "missing_lines": 0, "excluded_lines": 0}, "missing_lines": [], "excluded_lines": []}, "dateroll/duration/__main__.py": {"executed_lines": [], "summary": {"covered_lines": 0, "num_statements": 0, "percent_covered": 100.0, "percent_covered_display": "100", "missing_lines": 0, "excluded_lines": 0}, "missing_lines": [], "excluded_lines": []}, "dateroll/duration/duration.py": {"executed_lines": [1, 2, 3, 5, 6, 8, 9, 10, 11, 12, 13, 14, 21, 23, 25, 26, 28, 33, 66, 68, 100, 115, 116, 117, 118, 119, 120, 122, 124, 126, 127, 128, 131, 134, 137, 140, 141, 142, 145, 148, 149, 150, 151, 152, 153, 155, 157, 160, 164, 167, 169, 174, 175, 177, 179, 180, 181, 182, 183, 184, 187, 189, 190, 191, 192, 193, 195, 196, 197, 198, 199, 200, 201, 202, 205, 207, 214, 215, 219, 223, 224, 225, 226, 227, 228, 232, 234, 238, 239, 240, 243, 244, 246, 247, 248, 249, 250, 251, 256, 258, 262, 268, 269, 272, 274, 276, 278, 280, 286, 287, 289, 290, 292, 293, 294, 295, 296, 297, 298, 299, 300, 304, 306, 308, 309, 314, 315, 317, 319, 321, 322, 323, 324, 325, 326, 327, 328, 329, 331, 332, 336, 340, 342, 343, 345, 347, 348, 350, 352, 353, 355, 357, 358, 359, 360, 364, 368, 379, 380, 382, 384, 388, 389, 390, 391, 393, 394, 395, 396, 398, 400, 401, 402, 403, 404, 406, 407, 408, 409, 410, 412, 414, 416, 421, 423, 424, 434, 435, 436, 439, 440, 443, 444, 445, 448, 451, 460, 462, 463, 466, 467, 468, 469, 471, 473, 474, 484, 485, 487, 489, 491, 492, 493, 495, 498, 500, 509, 516, 519, 520, 526, 527, 530, 531, 532, 533, 540, 541, 542, 547, 549, 552, 558, 559, 561, 562, 566, 567, 568, 569, 571, 573, 581, 583, 585, 586, 588, 593, 597, 599, 600, 602, 614, 615, 617, 619, 620, 623, 624, 626, 628, 629, 630, 632, 633, 635, 637, 638, 639, 641, 642, 644, 645, 646, 648, 649, 650, 652, 653, 654, 656, 660, 661, 662, 663, 665, 666, 668, 670, 671, 673, 674, 676, 685, 686, 687, 688, 689, 690, 691, 693, 694, 695, 696, 697, 699, 701, 703, 704, 705, 706, 707, 709, 710, 712, 713, 714, 716, 718, 719, 720, 722, 724, 725, 726, 728, 729, 730, 732, 733, 734, 736, 737, 738, 740, 741, 742, 744, 745, 746, 748, 749, 750, 752, 753, 754, 756, 757, 758, 760, 761, 762, 763, 764, 765, 766, 767, 768, 769, 770, 771, 772, 773, 774, 775, 776, 779], "summary": {"covered_lines": 363, "num_statements": 363, "percent_covered": 100.0, "percent_covered_display": "100", "missing_lines": 0, "excluded_lines": 0}, "missing_lines": [], "excluded_lines": []}, "dateroll/parser/__init__.py": {"executed_lines": [0], "summary": {"covered_lines": 0, "num_statements": 0, "percent_covered": 100.0, "percent_covered_display": "100", "missing_lines": 0, "excluded_lines": 0}, "missing_lines": [], "excluded_lines": []}, "dateroll/parser/__main__.py": {"executed_lines": [], "summary": {"covered_lines": 0, "num_statements": 0, "percent_covered": 100.0, "percent_covered_display": "100", "missing_lines": 0, "excluded_lines": 0}, "missing_lines": [], "excluded_lines": []}, "dateroll/parser/parser.py": {"executed_lines": [1, 3, 4, 5, 7, 8, 9, 10, 13, 16, 17, 85, 86, 88, 103, 104, 106, 107, 109, 111, 113, 115, 116, 117, 119, 120, 122, 124, 126, 130, 131, 135, 137, 138, 139, 140, 141, 143, 145, 146, 147, 149, 151, 152, 154, 155, 156, 158, 159, 161, 163, 164, 166, 168, 169, 171, 173, 176, 179, 184, 185, 188, 189, 192], "summary": {"covered_lines": 62, "num_statements": 62, "percent_covered": 100.0, "percent_covered_display": "100", "missing_lines": 0, "excluded_lines": 3}, "missing_lines": [], "excluded_lines": [192, 193, 195]}, "dateroll/parser/parsers.py": {"executed_lines": [1, 2, 3, 5, 6, 7, 8, 9, 10, 12, 15, 20, 21, 22, 26, 27, 28, 29, 30, 31, 33, 34, 36, 38, 39, 42, 43, 44, 46, 49, 50, 52, 53, 54, 55, 56, 58, 61, 64, 68, 69, 70, 72, 74, 75, 76, 79, 99, 100, 103, 105, 107, 109, 110, 111, 112, 116, 118, 121, 122, 123, 124, 125, 130, 131, 132, 135, 137, 140, 146, 147, 148, 149, 150, 151, 153, 154, 157, 185, 186, 187, 188, 189, 190, 191, 193, 194, 195, 197, 202, 203, 204, 205, 206, 208, 211, 218, 221, 222, 225, 226, 227, 229, 231, 232, 233, 236, 239, 241, 242, 243, 250, 251, 252, 255, 256, 257, 259, 260, 263, 267, 268, 269, 270, 272, 275, 277, 278, 279, 280, 281, 283, 284, 285, 288, 314, 315, 317, 318, 319, 320, 321, 322, 324, 327, 336, 337, 338, 339, 341, 344, 346, 347, 350, 351, 352, 354, 355, 358, 359, 360, 361, 362, 365, 371, 373, 374, 377, 378, 379, 380, 381, 382, 383, 384, 385, 389, 390, 391, 392, 393], "summary": {"covered_lines": 181, "num_statements": 181, "percent_covered": 100.0, "percent_covered_display": "100", "missing_lines": 0, "excluded_lines": 0}, "missing_lines": [], "excluded_lines": []}, "dateroll/parser/patterns.py": {"executed_lines": [1, 4, 5, 6, 7, 10, 11, 12, 13, 14, 15, 18, 19, 20, 21, 22, 23, 24, 25, 26, 27, 28, 29, 33], "summary": {"covered_lines": 24, "num_statements": 24, "percent_covered": 100.0, "percent_covered_display": "100", "missing_lines": 0, "excluded_lines": 0}, "missing_lines": [], "excluded_lines": []}, "dateroll/pretty.py": {"executed_lines": [1, 2, 4, 6, 11, 12, 13, 14, 15, 18, 30, 31, 33, 35, 36, 38, 39, 41, 42, 43, 44, 46, 48, 49, 50, 51, 52, 53, 55, 56, 57, 58, 59, 60, 62, 63, 64, 65, 69, 70, 71, 72, 73, 74, 75, 76, 77, 78, 79, 80, 82, 83, 84, 85, 86, 87, 88, 89, 90, 91, 92, 93, 94, 95, 97, 101, 102, 105], "summary": {"covered_lines": 68, "num_statements": 68, "percent_covered": 100.0, "percent_covered_display": "100", "missing_lines": 0, "excluded_lines": 0}, "missing_lines": [], "excluded_lines": []}, "dateroll/schedule/__init__.py": {"executed_lines": [0], "summary": {"covered_lines": 0, "num_statements": 0, "percent_covered": 100.0, "percent_covered_display": "100", "missing_lines": 0, "excluded_lines": 0}, "missing_lines": [], "excluded_lines": []}, "dateroll/schedule/__main__.py": {"executed_lines": [], "summary": {"covered_lines": 0, "num_statements": 0, "percent_covered": 100.0, "percent_covered_display": "100", "missing_lines": 0, "excluded_lines": 0}, "missing_lines": [], "excluded_lines": []}, "dateroll/schedule/schedule.py": {"executed_lines": [1, 2, 3, 4, 5, 6, 7, 9, 10, 11, 16, 17, 21, 23, 24, 25, 26, 27, 28, 30, 32, 34, 35, 37, 38, 39, 40, 42, 44, 45, 47, 48, 52, 54, 55, 59, 61, 66, 68, 69, 70, 71, 73, 74, 77, 79, 80, 81, 82, 84, 86, 87, 88, 91, 93, 94, 95, 96, 97, 98, 99, 101, 102, 103, 105, 107, 108, 116, 118, 119, 120, 121, 122, 124, 126, 127, 128, 130, 131, 132, 133, 135, 136, 137, 138, 143, 144, 145, 147, 148, 149, 150, 151, 153, 157, 158, 159, 161, 163, 164, 169, 173, 174, 175, 176, 177, 179, 180, 181, 182, 188, 190, 194, 195, 197, 200], "summary": {"covered_lines": 112, "num_statements": 112, "percent_covered": 100.0, "percent_covered_display": "100", "missing_lines": 0, "excluded_lines": 8}, "missing_lines": [], "excluded_lines": [12, 13, 153, 154, 155, 169, 170, 171]}, "dateroll/settings.py": {"executed_lines": [1, 2, 3, 5, 7, 9, 11, 32, 33, 37, 41, 42, 43, 44, 47, 48, 50, 54, 55, 56, 57, 58, 59, 60, 61, 62, 64, 65, 67, 71, 72, 73, 74, 75, 76, 77, 79, 88, 90, 91, 92, 94, 95, 96, 98, 99, 100, 102, 104, 105, 106, 107, 109, 111, 115, 117, 119, 120, 122, 123, 125, 127, 131, 132, 133, 136, 138], "summary": {"covered_lines": 65, "num_statements": 65, "percent_covered": 100.0, "percent_covered_display": "100", "missing_lines": 0, "excluded_lines": 2}, "missing_lines": [], "excluded_lines": [138, 140]}, "dateroll/tblfmt.py": {"executed_lines": [1, 2, 3, 4, 5, 7, 8, 12, 15, 16, 17, 18, 21, 22, 23, 26, 28, 29, 30, 33, 34, 35, 36, 39, 40, 41, 42, 44, 47], "summary": {"covered_lines": 28, "num_statements": 28, "percent_covered": 100.0, "percent_covered_display": "100", "missing_lines": 0, "excluded_lines": 5}, "missing_lines": [], "excluded_lines": [47, 48, 50, 51, 52]}, "dateroll/utils.py": {"executed_lines": [1, 2, 6, 8, 9, 12, 14, 25, 51, 67, 68, 71, 72, 73, 76, 99, 100, 101, 102, 103, 104, 107, 108, 109, 111, 112, 113, 116, 120, 121, 124, 125, 126, 128, 129, 130, 133, 136, 137, 138, 139, 140, 142, 143, 146, 153, 154, 156, 157, 158, 160, 161, 162, 164, 165, 166, 167, 169, 170, 172], "summary": {"covered_lines": 59, "num_statements": 59, "percent_covered": 100.0, "percent_covered_display": "100", "missing_lines": 0, "excluded_lines": 21}, "missing_lines": [], "excluded_lines": [76, 77, 78, 79, 80, 81, 82, 83, 84, 85, 86, 87, 88, 89, 90, 91, 92, 93, 94, 95, 96]}}, "totals": {"covered_lines": 1606, "num_statements": 1606, "percent_covered": 100.0, "percent_covered_display": "100", "missing_lines": 0, "excluded_lines": 46}}